C:\USERS\T2LADMIN\DOCUMENTS\TERM7\INAMILAB\YURIKAMOME\OPENCV_MASK!\MASK!\DEBUG\MAIN.OBJ
C:\USERS\T2LADMIN\DOCUMENTS\TERM7\INAMILAB\YURIKAMOME\OPENCV_MASK!\MASK!\DEBUG\VC110.PDB
C:\USERS\T2LADMIN\DOCUMENTS\TERM7\INAMILAB\YURIKAMOME\OPENCV_MASK!\MASK!\DEBUG\MASK!.ILK
C:\USERS\T2LADMIN\DOCUMENTS\TERM7\INAMILAB\YURIKAMOME\OPENCV_MASK!\MASK!\DEBUG\MASK!.EXE
C:\USERS\T2LADMIN\DOCUMENTS\TERM7\INAMILAB\YURIKAMOME\OPENCV_MASK!\MASK!\DEBUG\MASK!.PDB
C:\Users\t2ladmin\Documents\term7\InamiLab\Yurikamome\opencv_mask!\mask!\Debug\main.obj
C:\Users\t2ladmin\Documents\term7\InamiLab\Yurikamome\opencv_mask!\mask!\Debug\mask!.ilk
C:\Users\t2ladmin\Documents\term7\InamiLab\Yurikamome\opencv_mask!\mask!\Debug\cl.command.1.tlog
C:\Users\t2ladmin\Documents\term7\InamiLab\Yurikamome\opencv_mask!\mask!\Debug\CL.read.1.tlog
C:\Users\t2ladmin\Documents\term7\InamiLab\Yurikamome\opencv_mask!\mask!\Debug\CL.write.1.tlog
C:\Users\t2ladmin\Documents\term7\InamiLab\Yurikamome\opencv_mask!\mask!\Debug\link-cvtres.read.1.tlog
C:\Users\t2ladmin\Documents\term7\InamiLab\Yurikamome\opencv_mask!\mask!\Debug\link-cvtres.write.1.tlog
C:\Users\t2ladmin\Documents\term7\InamiLab\Yurikamome\opencv_mask!\mask!\Debug\link-rc.read.1.tlog
C:\Users\t2ladmin\Documents\term7\InamiLab\Yurikamome\opencv_mask!\mask!\Debug\link-rc.write.1.tlog
C:\Users\t2ladmin\Documents\term7\InamiLab\Yurikamome\opencv_mask!\mask!\Debug\link.command.1.tlog
C:\Users\t2ladmin\Documents\term7\InamiLab\Yurikamome\opencv_mask!\mask!\Debug\link.read.1.tlog
C:\Users\t2ladmin\Documents\term7\InamiLab\Yurikamome\opencv_mask!\mask!\Debug\link.write.1.tlog
C:\Users\t2ladmin\Documents\term7\InamiLab\Yurikamome\opencv_mask!\mask!\Debug\vc110.idb
C:\Users\t2ladmin\Documents\term7\InamiLab\Yurikamome\opencv_mask!\mask!\Debug\mask!.pdb
C:\Users\t2ladmin\Documents\term7\InamiLab\Yurikamome\opencv_mask!\mask!\Debug\vc110.pdb
C:\Users\t2ladmin\Documents\term7\InamiLab\Yurikamome\opencv_mask!\mask!\Debug\mask!.exe
